WARNING: Nokogiri was built against LibXML version 2.8.0, but has dynamically loaded 2.7.3
WARNING: Nokogiri was built against LibXML version 2.8.0, but has dynamically loaded 2.7.3
WARNING: Nokogiri was built against LibXML version 2.8.0, but has dynamically loaded 2.7.3
"カワイイ | STYLE4 Design - Part 7"
"http://design.style4.info/wp-content/uploads/2011/08/moz-screenshot-92.png"
"http://design.style4.info/2011/08/the-box-lounger/"
"http://design.style4.info/wp-content/uploads/2011/08/moz-screenshot-210.png"
"http://design.style4.info/2011/08/polar-ice/"
"http://design.style4.info/wp-content/uploads/2011/08/moz-screenshot2.png"
"http://design.style4.info/2011/08/ex-mens-shirt/"
"http://design.style4.info/wp-content/uploads/2011/08/moz-screenshot-412.png"
"http://design.style4.info/2011/08/punched-out-wedding-invitations/"
"「コスメ」に関する検索結果 | mery [メリー]"
"http://design.style4.info/wp-content/uploads/2011/08/moz-screenshot-70.png"
"http://design.style4.info/2011/08/inner-message-ring/"
"http://design.style4.info/wp-content/uploads/2011/07/moz-screenshot-1.png"
"http://design.style4.info/2011/07/nails/"
"http://design.style4.info/wp-content/uploads/2011/07/moz-screenshot-381.png"
"http://design.style4.info/2011/07/jellyfish/"
"http://design.style4.info/wp-content/uploads/2011/06/moz-screenshot-317.png"
"http://design.style4.info/2011/06/ice-cream/"
"http://design.style4.info/wp-content/uploads/2011/06/moz-screenshot-264.png"
"http://design.style4.info/2011/06/donuts/"
"http://design.style4.info/wp-content/uploads/2011/06/moz-screenshot-248.png"
"http://design.style4.info/2011/06/ashiato/"
"http://design.style4.info/wp-content/uploads/2011/06/moz-screenshot-157.png"
"http://design.style4.info/2011/06/starbucks-lovers/"
"http://design.style4.info/wp-content/uploads/2011/06/moz-screenshot-93.png"
"http://design.style4.info/2011/06/puppy-bouquets/"
"http://design.style4.info/wp-content/uploads/2011/06/moz-screenshot-58.png"
"http://design.style4.info/2011/06/i-love-macaron/"
"http://design.style4.info/wp-content/uploads/2011/05/moz-screenshot-4.png"
"http://design.style4.info/2011/05/cupcake/"
"http://design.style4.info/wp-content/uploads/2011/05/moz-screenshot-135.png"
"http://design.style4.info/2011/05/village-of-100-people/"
"http://design.style4.info/wp-content/uploads/2011/05/moz-screenshot-88.png"
"http://design.style4.info/2011/05/kitty-wigs/"
"http://d5rvwflnqlj7s.cloudfront.net/3616/shop_img01.jpg/thumb?1378644104"
"/3616"
"http://d5rvwflnqlj7s.cloudfront.net/1432/o0480044612515675493.jpg/thumb?1377302326"
"/1432"
"http://d5rvwflnqlj7s.cloudfront.net/3692/2FB74B67-5361-479D-8F4D-8331CA716246.JPG/thumb?1379053055"
"/3692"
"http://d5rvwflnqlj7s.cloudfront.net/1885/14104.jpg/thumb?1370153091"
"/1885"
"http://d5rvwflnqlj7s.cloudfront.net/2053/img_22022_95895_0.jpeg/thumb?1371100738"
"/2053"
"http://d5rvwflnqlj7s.cloudfront.net/2259/51c4064129f21.jpg/thumb?1371984928"
"/2259"
"http://d5rvwflnqlj7s.cloudfront.net/2745/20100128_511200.jpg/thumb?1375118582"
"/2745"
"http://d5rvwflnqlj7s.cloudfront.net/1427/normal/thumb?1368119263"
"/1427"
"http://d5rvwflnqlj7s.cloudfront.net/6375/tyoitasi.jpg/thumb?1384508383"
"/6375"
"http://d5rvwflnqlj7s.cloudfront.net/613/mig/thumb?1364910677"
"/613"
"http://d5rvwflnqlj7s.cloudfront.net/1034/etude_top.jpg/thumb?1366428986"
"/1034"
"http://d5rvwflnqlj7s.cloudfront.net/1184/IMG_6880_SP0000_20120131134403.jpg/thumb?1366995619"
"/1184"
"http://d5rvwflnqlj7s.cloudfront.net/1657/normal/thumb?1369109681"
"/1657"
"http://d5rvwflnqlj7s.cloudfront.net/3077/100531shiny1.jpg/thumb?1376725778"
"/3077"
"http://d5rvwflnqlj7s.cloudfront.net/3183/esteelauder_newadvancednightrepair.jpg/thumb?1377102873"
"/3183"
"http://d5rvwflnqlj7s.cloudfront.net/3358/title_okicosme.jpg/thumb?1377848471"
"/3358"
"http://d5rvwflnqlj7s.cloudfront.net/3488/0808_01.jpg/thumb?1378272197"
"/3488"
"http://d5rvwflnqlj7s.cloudfront.net/3500/o0487028912072959585.png/thumb?1378311984"
"/3500"
"http://d5rvwflnqlj7s.cloudfront.net/3509/K-2.png/thumb?1378355059"
"/3509"
"http://d5rvwflnqlj7s.cloudfront.net/3688/2RMfx/thumb?1379122652"
"/3688"
"http://d5rvwflnqlj7s.cloudfront.net/8077/normal/thumb?1386996589"
"/8077"
"http://d5rvwflnqlj7s.cloudfront.net/8013/o0480036012698319396.jpg/thumb?1386912129"
"/8013"
"http://d5rvwflnqlj7s.cloudfront.net/8195/ll3ffae5096adad225f0e2ee3feab3d108.jpg/thumb?1387159226"
"/8195"
"http://d5rvwflnqlj7s.cloudfront.net/8026/ayaseharuka_a08-300x266.jpg/thumb?1386918324"
"/8026"
"http://d5rvwflnqlj7s.cloudfront.net/8022/8579998222_29b3448dbd_b_large.jpg/thumb?1387080107"
"/8022"
"http://d5rvwflnqlj7s.cloudfront.net/7961/af9970019302l.jpg/thumb?1386838846"
"/7961"
"http://d5rvwflnqlj7s.cloudfront.net/7982/normal/thumb?1386853793"
"/7982"
"http://d5rvwflnqlj7s.cloudfront.net/7992/C001065055_262-349.jpg/thumb?1387146037"
"/7992"
/Users/gushikenmasaru/.rvm/gems/ruby-1.9.3-p125/gems/railties-4.0.1/lib/rails/commands/runner.rb:53:in `eval': undefined method `[]' for nil:NilClass (NoMethodError)
	from /Users/gushikenmasaru/work/rehack/chiroru/lib/tasks/insert_contents_task.rb:104:in `each'
	from /Users/gushikenmasaru/work/rehack/chiroru/lib/tasks/insert_contents_task.rb:104:in `block in execute_api'
	from /Users/gushikenmasaru/work/rehack/chiroru/lib/tasks/insert_contents_task.rb:101:in `each'
	from /Users/gushikenmasaru/work/rehack/chiroru/lib/tasks/insert_contents_task.rb:101:in `execute_api'
	from (eval):1:in `<top (required)>'
	from /Users/gushikenmasaru/.rvm/gems/ruby-1.9.3-p125/gems/railties-4.0.1/lib/rails/commands/runner.rb:53:in `eval'
	from /Users/gushikenmasaru/.rvm/gems/ruby-1.9.3-p125/gems/railties-4.0.1/lib/rails/commands/runner.rb:53:in `<top (required)>'
	from /Users/gushikenmasaru/.rvm/gems/ruby-1.9.3-p125/gems/railties-4.0.1/lib/rails/commands.rb:84:in `require'
	from /Users/gushikenmasaru/.rvm/gems/ruby-1.9.3-p125/gems/railties-4.0.1/lib/rails/commands.rb:84:in `<top (required)>'
	from bin/rails:4:in `require'
	from bin/rails:4:in `<main>'
"カワイイ | STYLE4 Design - Part 6"
"http://design.style4.info/wp-content/uploads/2012/01/NewImage75.png"
"http://design.style4.info/2012/01/calleighsclips/"
"http://design.style4.info/wp-content/uploads/2012/01/NewImage42.png"
"http://design.style4.info/2012/01/travel-size-paper-city-paris/"
"http://design.style4.info/wp-content/uploads/2012/01/NewImage4.png"
"http://design.style4.info/2012/01/happy-new-year-2012/"
"http://design.style4.info/wp-content/uploads/2011/12/NewImage223.png"
"http://design.style4.info/2011/12/christmas-sweets/"
"http://design.style4.info/wp-content/uploads/2011/12/NewImage194.png"
"http://design.style4.info/2011/12/christmas-tea/"
"http://design.style4.info/wp-content/uploads/2011/12/NewImage155.png"
"http://design.style4.info/2011/12/ribbon/"
"http://design.style4.info/wp-content/uploads/2011/12/NewImage53.png"
"http://design.style4.info/2011/12/domo-kun/"
"http://design.style4.info/wp-content/uploads/2011/12/moz-screenshot1.png"
"http://design.style4.info/2011/12/bad-table/"
"http://design.style4.info/wp-content/uploads/2011/12/moz-screenshot-6.png"
"http://design.style4.info/2011/12/native-union-play/"
"http://design.style4.info/wp-content/uploads/2011/12/moz-screenshot-35.png"
"http://design.style4.info/2011/12/torori/"
"http://design.style4.info/wp-content/uploads/2011/12/moz-screenshot-25.png"
"http://design.style4.info/2011/12/umbrella-skirt/"
"http://design.style4.info/wp-content/uploads/2011/11/moz-screenshot-3.png"
"http://design.style4.info/2011/11/baby-hat-pattern/"
"http://design.style4.info/wp-content/uploads/2011/11/moz-screenshot-26.png"
"http://design.style4.info/2011/11/swinging-pinup-girl-necklace/"
"http://design.style4.info/wp-content/uploads/2011/10/moz-screenshot-53.png"
"http://design.style4.info/2011/10/lytro/"
"http://design.style4.info/wp-content/uploads/2011/10/moz-screenshot-39.png"
"http://design.style4.info/2011/10/green-mailbox/"
"http://design.style4.info/wp-content/uploads/2011/09/moz-screenshot-62.png"
"http://design.style4.info/2011/09/patent-leather-trimmed-cape/"
"http://beauty.hotpepper.jp/slnH000089493/?vos=nhpbapis00001"
"http://imgbp.hotp.jp/IMGDB_HD/30/66/B004233066/B004233066_219-164.jpg"
"http://beauty.hotpepper.jp/slnH000180996/?vos=nhpbapis00001"
"http://imgbp.hotp.jp/IMGDB_HD/05/79/B004470579/B004470579_219-164.jpg"
"http://beauty.hotpepper.jp/slnH000218116/?vos=nhpbapis00001"
"http://imgbp.hotp.jp/IMGDB_HD/92/84/B002069284/B002069284_219-164.jpg"
"http://beauty.hotpepper.jp/slnH000106042/?vos=nhpbapis00001"
"http://imgbp.hotp.jp/IMGDB_HD/15/74/B000301574/B000301574_219-164.jpg"
"http://beauty.hotpepper.jp/slnH000240139/?vos=nhpbapis00001"
"http://imgbp.hotp.jp/IMGDB_HD/78/92/B003927892/B003927892_219-164.jpg"
"http://beauty.hotpepper.jp/slnH000073967/?vos=nhpbapis00001"
"http://imgbp.hotp.jp/IMGDB_HD/51/03/B004235103/B004235103_219-164.jpg"
"http://beauty.hotpepper.jp/slnH000267424/?vos=nhpbapis00001"
"http://imgbp.hotp.jp/IMGDB_HD/31/34/B004413134/B004413134_219-164.jpg"
"http://beauty.hotpepper.jp/slnH000136467/?vos=nhpbapis00001"
"http://imgbp.hotp.jp/IMGDB_HD/23/49/B003082349/B003082349_219-164.jpg"
"http://beauty.hotpepper.jp/slnH000236945/?vos=nhpbapis00001"
"http://imgbp.hotp.jp/IMGDB_HD/79/64/B003587964/B003587964_219-164.jpg"
"http://beauty.hotpepper.jp/slnH000034904/?vos=nhpbapis00001"
"http://imgbp.hotp.jp/IMGDB_HD/24/24/B000052424/B000052424_219-164.jpg"
"http://beauty.hotpepper.jp/slnH000151803/?vos=nhpbapis00001"
"http://imgbp.hotp.jp/IMGDB_HD/86/73/B002558673/B002558673_219-164.jpg"
"http://beauty.hotpepper.jp/slnH000143563/?vos=nhpbapis00001"
"http://imgbp.hotp.jp/IMGDB_HD/59/08/B001535908/B001535908_219-164.jpg"
"http://beauty.hotpepper.jp/slnH000240032/?vos=nhpbapis00001"
"http://imgbp.hotp.jp/IMGDB_HD/88/27/B004098827/B004098827_219-164.jpg"
"http://beauty.hotpepper.jp/slnH000267055/?vos=nhpbapis00001"
"http://imgbp.hotp.jp/IMGDB_HD/92/76/B004409276/B004409276_219-164.jpg"
"http://beauty.hotpepper.jp/slnH000222774/?vos=nhpbapis00001"
"http://imgbp.hotp.jp/IMGDB_HD/40/40/B004134040/B004134040_219-164.jpg"
"http://beauty.hotpepper.jp/slnH000136487/?vos=nhpbapis00001"
"http://imgbp.hotp.jp/IMGDB_HD/14/24/B000731424/B000731424_219-164.jpg"
"http://beauty.hotpepper.jp/slnH000113064/?vos=nhpbapis00001"
"http://imgbp.hotp.jp/IMGDB_HD/73/82/B004127382/B004127382_219-164.jpg"
"http://beauty.hotpepper.jp/slnH000086172/?vos=nhpbapis00001"
"http://imgbp.hotp.jp/IMGDB_HD/75/02/B001717502/B001717502_219-164.jpg"
"http://beauty.hotpepper.jp/slnH000145984/?vos=nhpbapis00001"
"http://imgbp.hotp.jp/IMGDB_HD/58/76/B001055876/B001055876_219-164.jpg"
"http://beauty.hotpepper.jp/slnH000246839/?vos=nhpbapis00001"
"http://imgbp.hotp.jp/IMGDB_HD/82/45/B004068245/B004068245_219-164.jpg"
"http://beauty.hotpepper.jp/slnH000188661/?vos=nhpbapis00001"
"http://imgbp.hotp.jp/IMGDB_HD/99/23/B001599923/B001599923_219-164.jpg"
"http://beauty.hotpepper.jp/slnH000268109/?vos=nhpbapis00001"
"「コスメ」に関する検索結果 (2ページ目) | mery [メリー]"
"http://d5rvwflnqlj7s.cloudfront.net/4141/1274312384_njfDSde2_1352962574_323.jpg/thumb?1380544982"
"/4141"
"http://d5rvwflnqlj7s.cloudfront.net/4167/561903_664440350232794_1129376401_n.jpg/thumb?1380352183"
"/4167"
"http://d5rvwflnqlj7s.cloudfront.net/2406/lm-laduree2.jpg/thumb?1373192201"
"/2406"
"http://d5rvwflnqlj7s.cloudfront.net/2798/f214c8e6.jpg/thumb?1375341230"
"/2798"
"http://d5rvwflnqlj7s.cloudfront.net/2900/Bobbi-brown-party-make-up.jpg/thumb?1375796584"
"/2900"
"http://d5rvwflnqlj7s.cloudfront.net/5083/annasui_05.jpg/thumb?1382409139"
"/5083"
"http://d5rvwflnqlj7s.cloudfront.net/6260/20130925_1.jpg/thumb?1384339737"
"/6260"
"http://d5rvwflnqlj7s.cloudfront.net/6407/jill_rip_04.jpg/thumb?1384588267"
"/6407"
"http://d5rvwflnqlj7s.cloudfront.net/6731/topimg_middle.jpg/thumb?1385126083"
"/6731"
"http://d5rvwflnqlj7s.cloudfront.net/6855/images/thumb?1385441665"
"/6855"
"http://d5rvwflnqlj7s.cloudfront.net/2963/honey.jpg/thumb?1376123717"
"/2963"
"http://d5rvwflnqlj7s.cloudfront.net/4130/stylenanda_123624.gif/thumb?1387173734"
"/4130"
"http://d5rvwflnqlj7s.cloudfront.net/3894/0102mac_lips.jpg/thumb?1379566050"
"/3894"
"http://d5rvwflnqlj7s.cloudfront.net/4256/903858_wl.jpg/thumb?1380544247"
"/4256"
"http://d5rvwflnqlj7s.cloudfront.net/2587/50029main1.jpg/thumb?1374059176"
"/2587"
"http://d5rvwflnqlj7s.cloudfront.net/718/makeup3.JPG/thumb?1365308819"
"/718"
"http://d5rvwflnqlj7s.cloudfront.net/1761/000003713_bc1.jpg/thumb?1369475201"
"/1761"
"http://d5rvwflnqlj7s.cloudfront.net/3098/20100624_f.jpg/thumb?1376832689"
"/3098"
"http://d5rvwflnqlj7s.cloudfront.net/3208/639.jpg/thumb?1377268192"
"/3208"
"http://d5rvwflnqlj7s.cloudfront.net/3697/normal/thumb?1378881832"
"/3697"
"http://d5rvwflnqlj7s.cloudfront.net/8077/normal/thumb?1386996589"
"/8077"
"http://d5rvwflnqlj7s.cloudfront.net/8013/o0480036012698319396.jpg/thumb?1386912129"
"/8013"
"http://d5rvwflnqlj7s.cloudfront.net/8195/ll3ffae5096adad225f0e2ee3feab3d108.jpg/thumb?1387159226"
"/8195"
"http://d5rvwflnqlj7s.cloudfront.net/8026/ayaseharuka_a08-300x266.jpg/thumb?1386918324"
"/8026"
"http://d5rvwflnqlj7s.cloudfront.net/8022/8579998222_29b3448dbd_b_large.jpg/thumb?1387080107"
"/8022"
"http://d5rvwflnqlj7s.cloudfront.net/7961/af9970019302l.jpg/thumb?1386838846"
"/7961"
"http://d5rvwflnqlj7s.cloudfront.net/7982/normal/thumb?1386853793"
"/7982"
"http://d5rvwflnqlj7s.cloudfront.net/7992/C001065055_262-349.jpg/thumb?1387146037"
"/7992"
"カワイイ | STYLE4 Design"
"http://1-ps.googleusercontent.com/h/design.style4.info/wp-content/uploads/2013/12/600x399xNewImage150.png.pagespeed.ic.dUklW1Xtt_.jpg"
"http://design.style4.info/2013/12/dodocase/"
"http://design.style4.info/wp-content/uploads/2013/10/NewImage72.png"
"http://design.style4.info/2013/10/groovy-magnets/"
"http://design.style4.info/wp-content/uploads/2013/10/NewImage19.png"
"http://design.style4.info/2013/10/periodic-table-of-alcohol/"
"http://design.style4.info/wp-content/uploads/2013/09/NewImage83.png"
"http://design.style4.info/2013/09/three-legged-cat-in-tiny-hats/"
"http://design.style4.info/wp-content/uploads/2013/07/NewImage107.png"
"http://design.style4.info/2013/07/rosella-umbrella/"
"http://design.style4.info/wp-content/uploads/2013/07/NewImage17.png"
"http://design.style4.info/2013/07/ios7-fancy-redesign/"
"http://design.style4.info/wp-content/uploads/2013/06/NewImage89.png"
"http://design.style4.info/2013/06/haworthia/"
"http://design.style4.info/wp-content/uploads/2013/06/NewImage8.png"
"http://design.style4.info/2013/06/babymugging/"
"http://design.style4.info/wp-content/uploads/2013/05/NewImage139.png"
"http://design.style4.info/2013/05/hair-cut-eraser/"
"http://design.style4.info/wp-content/uploads/2013/05/NewImage26.png"
"http://design.style4.info/2013/05/cup-and-cake-barcelona/"
"http://design.style4.info/wp-content/uploads/2013/05/NewImage17.png"
"http://design.style4.info/2013/05/clip-bag/"
"http://design.style4.info/wp-content/uploads/2013/03/NewImage179.png"
"http://design.style4.info/2013/03/ipooding/"
"http://design.style4.info/wp-content/uploads/2013/03/NewImage36.png"
"http://design.style4.info/2013/03/pop-chart-lab/"
"http://design.style4.info/wp-content/uploads/2013/02/NewImage181.png"
"http://design.style4.info/2013/02/metaphys-ienami/"
"http://design.style4.info/wp-content/uploads/2013/02/NewImage167.png"
"http://design.style4.info/2013/02/miffy-dream-lamp/"
"http://design.style4.info/wp-content/uploads/2013/02/NewImage111.png"
"http://design.style4.info/2013/02/dessert-recipes-in-a-jar/"
"ヘアスタイルのまとめ | mery [メリー]"
"http://d5rvwflnqlj7s.cloudfront.net/8215/normal/thumb?1387269920"
"/8215"
"http://d5rvwflnqlj7s.cloudfront.net/8211/692.jpg/thumb?1387206896"
"/8211"
"http://d5rvwflnqlj7s.cloudfront.net/8185/normal/thumb?1387197225"
"/8185"
"http://d5rvwflnqlj7s.cloudfront.net/8249/normal/thumb?1387195632"
"/8249"
"http://d5rvwflnqlj7s.cloudfront.net/8232/normal/thumb?1387189224"
"/8232"
"http://d5rvwflnqlj7s.cloudfront.net/8195/ll3ffae5096adad225f0e2ee3feab3d108.jpg/thumb?1387159226"
"/8195"
"http://d5rvwflnqlj7s.cloudfront.net/7846/normal/thumb?1387030259"
"/7846"
"http://d5rvwflnqlj7s.cloudfront.net/8131/015.jpg/thumb?1387089872"
"/8131"
"http://d5rvwflnqlj7s.cloudfront.net/8075/normal/thumb?1386993900"
"/8075"
"http://d5rvwflnqlj7s.cloudfront.net/7937/normal/thumb?1386813754"
"/7937"
"http://d5rvwflnqlj7s.cloudfront.net/8039/_AIJ1570iii_-_%E3%82%B3%E3%83%94%E3%83%BC_(2)_-_%E3%82%B3%E3%83%94%E3%83%BC.jpg/thumb?1386920932"
"/8039"
"http://d5rvwflnqlj7s.cloudfront.net/8037/B002245727_271-361.jpg/thumb?1386920262"
"/8037"
"http://d5rvwflnqlj7s.cloudfront.net/8032/normal/thumb?1386918191"
"/8032"
"http://d5rvwflnqlj7s.cloudfront.net/7484/normal/thumb?1386870796"
"/7484"
"http://d5rvwflnqlj7s.cloudfront.net/7681/1385855_583937111666837_1058169277_n.jpg/thumb?1386517912"
"/7681"
"/assets/noimage.png"
"/7930"
"http://d5rvwflnqlj7s.cloudfront.net/7909/normal/thumb?1386759502"
"/7909"
"http://d5rvwflnqlj7s.cloudfront.net/7684/1426515_596411207086094_2010306094_n.jpg/thumb?1386521547"
"/7684"
"http://d5rvwflnqlj7s.cloudfront.net/7877/2129_12.jpg/thumb?1386744394"
"/7877"
"http://d5rvwflnqlj7s.cloudfront.net/7852/9D6A6568.jpg/thumb?1386726178"
"/7852"
"http://d5rvwflnqlj7s.cloudfront.net/8195/ll3ffae5096adad225f0e2ee3feab3d108.jpg/thumb?1387159226"
"/8195"
"http://d5rvwflnqlj7s.cloudfront.net/2850/BBHD8QgCIAAZ5jz.jpg_large/thumb?1376200524"
"/2850"
"http://d5rvwflnqlj7s.cloudfront.net/7846/normal/thumb?1387030259"
"/7846"
"http://d5rvwflnqlj7s.cloudfront.net/1067/normal/thumb?1370440567"
"/1067"
"http://d5rvwflnqlj7s.cloudfront.net/7852/9D6A6568.jpg/thumb?1386726178"
"/7852"
"美しい | STYLE4 Design"
"http://1-ps.googleusercontent.com/h/design.style4.info/wp-content/uploads/2013/12/600x450xNewImage90.png.pagespeed.ic.QemTIAT-NY.jpg"
"http://design.style4.info/2013/12/ella-and-pitr/"
"http://design.style4.info/wp-content/uploads/2013/10/NewImage25.png"
"http://design.style4.info/2013/10/sekki-cutlery/"
"http://design.style4.info/wp-content/uploads/2013/09/NewImage306.png"
"http://design.style4.info/2013/09/beautiful-designer-workspaces/"
"http://design.style4.info/wp-content/uploads/2013/09/NewImage96.png"
"http://design.style4.info/2013/09/bokeh-photography-3/"
"http://design.style4.info/wp-content/uploads/2013/08/NewImage245.png"
"http://design.style4.info/2013/08/most-beautiful-forest/"
"http://design.style4.info/wp-content/uploads/2013/06/NewImage109.png"
"http://design.style4.info/2013/06/reine/"
"http://design.style4.info/wp-content/uploads/2013/05/NewImage197.png"
"http://design.style4.info/2013/05/ipad-mini-zipcase-kowaki/"
"http://design.style4.info/wp-content/uploads/2013/05/NewImage.png"
"http://design.style4.info/2013/05/national-geographic-traveler-photo-contest-2013/"
"http://design.style4.info/wp-content/uploads/2013/04/NewImage27.png"
"http://design.style4.info/2013/04/beautiful-abandoned-places/"
"http://design.style4.info/wp-content/uploads/2012/11/NewImage123.png"
"http://design.style4.info/2012/11/fractal-flowers/"
"http://design.style4.info/wp-content/uploads/2012/11/NewImage113.png"
"http://design.style4.info/2012/11/day-to-night/"
"http://design.style4.info/wp-content/uploads/2012/10/NewImage352.png"
"http://design.style4.info/2012/10/taj-lake-palace/"
"http://design.style4.info/wp-content/uploads/2012/10/NewImage267.png"
"http://design.style4.info/2012/10/butterfly/"
"http://design.style4.info/wp-content/uploads/2012/10/NewImage253.png"
"http://design.style4.info/2012/10/slit-camera/"
"http://design.style4.info/wp-content/uploads/2012/10/NewImage93.png"
"http://design.style4.info/2012/10/mind-blowing-and-beautiful-photographs-of-lovers/"
"http://design.style4.info/wp-content/uploads/2012/10/NewImage60.png"
"http://design.style4.info/2012/10/autumn-pictures/"
"美しい | STYLE4 Design - Part 3"
"http://design.style4.info/wp-content/uploads/2011/05/moz-screenshot-92.png"
"http://design.style4.info/2011/05/fireworks/"
"http://design.style4.info/wp-content/uploads/2011/05/moz-screenshot-76.png"
"http://design.style4.info/2011/05/wasara/"
"http://design.style4.info/wp-content/uploads/moz-screenshot-1256.png"
"http://design.style4.info/2011/03/silly-runnings/"
"http://design.style4.info/wp-content/uploads/moz-screenshot-1180.png"
"http://design.style4.info/2011/03/bolefloor/"
"http://design.style4.info/wp-content/uploads/moz-screenshot-5101.png"
"http://design.style4.info/2010/12/bokeh-photography-2/"
"http://design.style4.info/wp-content/uploads/moz-screenshot-4101.png"
"http://design.style4.info/2010/12/smirnoff-purified/"
"http://1-ps.googleusercontent.com/h/design.style4.info/wp-content/uploads/2013/12/600x450xNewImage154.png.pagespeed.ic.uR5j0sI6So.jpg"
"http://design.style4.info/2013/12/10-uniquely-stunning-college-campuses/"
"http://1-ps.googleusercontent.com/h/design.style4.info/wp-content/uploads/2013/12/600x390xNewImage130.png.pagespeed.ic.b2l3u2SUjP.jpg"
"http://design.style4.info/2013/12/perpetual-calendar/"
"http://1-ps.googleusercontent.com/h/design.style4.info/wp-content/uploads/2013/11/600x902xNewImage210.png.pagespeed.ic.2XT_0jMGW-.jpg"
"http://design.style4.info/2013/11/into-the-mirror/"
"http://1-ps.googleusercontent.com/h/design.style4.info/wp-content/uploads/2013/11/600x475xNewImage129.png.pagespeed.ic.UzEbiaUd5I.jpg"
"http://design.style4.info/2013/11/the-winter/"
"http://1-ps.googleusercontent.com/h/design.style4.info/wp-content/uploads/2013/11/600x341xNewImage93.png.pagespeed.ic.u9KvgxPHOZ.jpg"
"http://design.style4.info/2013/11/lexus-amazing-in-motion/"
"http://design.style4.info/wp-content/uploads/2013/10/NewImage170.png"
"http://design.style4.info/2013/10/landscape-photographer-of-the-year-2013/"
"http://design.style4.info/wp-content/uploads/2013/09/NewImage132.png"
"http://design.style4.info/2013/09/hoshinoya-karuizawa/"
"http://design.style4.info/wp-content/uploads/2013/09/NewImage.png"
"http://design.style4.info/2013/09/3rd-anniversary/"
"http://design.style4.info/wp-content/uploads/2013/08/NewImage37.png"
"http://design.style4.info/2013/08/21-hotel-balconies-features/"
"http://design.style4.info/wp-content/uploads/2013/08/NewImage1.png"
"http://design.style4.info/2013/08/picture-frame-typography/"
"恋愛のまとめ | mery [メリー]"
"http://d5rvwflnqlj7s.cloudfront.net/7569/imgN107_1.jpg/thumb?1386341309"
"/7569"
"http://d5rvwflnqlj7s.cloudfront.net/7513/tumblr_meb659xh1M1rjpdbko1_500_large.jpg/thumb?1386317612"
"/7513"
"http://d5rvwflnqlj7s.cloudfront.net/7462/o0295042511371075874.jpg/thumb?1386237018"
"/7462"
"http://d5rvwflnqlj7s.cloudfront.net/7334/o0456068412713446523.jpg/thumb?1386060891"
"/7334"
"http://d5rvwflnqlj7s.cloudfront.net/7323/iu031505.jpg/thumb?1386058815"
"/7323"
"http://d5rvwflnqlj7s.cloudfront.net/6713/d1945354.jpg/thumb?1385107035"
"/6713"
"http://d5rvwflnqlj7s.cloudfront.net/2189/c65368c5.jpg/thumb?1371570828"
"/2189"
"http://d5rvwflnqlj7s.cloudfront.net/6555/20130504004919_5183dc7fa9913.jpg/thumb?1384879291"
"/6555"
"http://d5rvwflnqlj7s.cloudfront.net/6536/o0400041212277827312.jpg/thumb?1384868333"
"/6536"
"http://d5rvwflnqlj7s.cloudfront.net/6469/nh-dazedjan11.jpg/thumb?1384763797"
"/6469"
"http://d5rvwflnqlj7s.cloudfront.net/5711/images/thumb?1383441353"
"/5711"
"http://d5rvwflnqlj7s.cloudfront.net/5111/img_1310870_40089334_6/thumb?1382777427"
"/5111"
"http://d5rvwflnqlj7s.cloudfront.net/5598/blog_import_5152d7134d2e4.jpg/thumb?1383198583"
"/5598"
"http://d5rvwflnqlj7s.cloudfront.net/5459/%E9%9F%93%E5%9B%BD%E3%80%80%E3%82%AB%E3%83%83%E3%83%97%E3%83%AB%E3%80%80%E3%83%9A%E3%82%A2_-_Google_Search.png/thumb?1383045203"
"/5459"
"http://d5rvwflnqlj7s.cloudfront.net/5162/o04000500imagephpimage_uid00004991w400.jpg/thumb?1382634322"
"/5162"
"http://d5rvwflnqlj7s.cloudfront.net/5270/top_img_02.jpg/thumb?1382721069"
"/5270"
"http://d5rvwflnqlj7s.cloudfront.net/5193/2861268317_515ee297a2.jpg/thumb?1382598007"
"/5193"
"http://d5rvwflnqlj7s.cloudfront.net/5079/02_03_02.jpg/thumb?1382518713"
"/5079"
"http://d5rvwflnqlj7s.cloudfront.net/5106/beautyandthebeast_a03.jpg/thumb?1382431640"
"/5106"
"http://d5rvwflnqlj7s.cloudfront.net/4842/27271571.jpeg/thumb?1381928764"
"/4842"
"http://d5rvwflnqlj7s.cloudfront.net/1175/60ae35f24f1211e3ae61124e6a3966f7_6.jpg/thumb?1385459866"
"/1175"
"http://d5rvwflnqlj7s.cloudfront.net/2697/130518exo1.jpg/thumb?1374680067"
"/2697"
"http://d5rvwflnqlj7s.cloudfront.net/3282/BKHGCuYCYAAYWU7.jpg_large/thumb?1377587156"
"/3282"
"http://d5rvwflnqlj7s.cloudfront.net/3581/o0480055611713910668.jpg/thumb?1378478818"
"/3581"
"http://d5rvwflnqlj7s.cloudfront.net/7569/imgN107_1.jpg/thumb?1386341309"
"/7569"
"グルメのまとめ | mery [メリー]"
"http://d5rvwflnqlj7s.cloudfront.net/8272/2013121021295752a709455c943.jpg/thumb?1387290251"
"/8272"
"http://d5rvwflnqlj7s.cloudfront.net/8348/MagnoliaBakery05.jpg/thumb?1387277316"
"/8348"
"http://d5rvwflnqlj7s.cloudfront.net/8257/e185803l.jpg/thumb?1387203651"
"/8257"
"http://d5rvwflnqlj7s.cloudfront.net/8311/large.jpg/thumb?1387256332"
"/8311"
"http://d5rvwflnqlj7s.cloudfront.net/7682/20130111041655_1754506225_3357_9.jpg/thumb?1386520006"
"/7682"
"http://d5rvwflnqlj7s.cloudfront.net/8226/smp_thum_0939fa1b7aa8cd0dc90d2e4e12094999ff94fb17_sel_.jpz/thumb?1387182615"
"/8226"
"http://d5rvwflnqlj7s.cloudfront.net/8214/mig/thumb?1387174583"
"/8214"
"http://d5rvwflnqlj7s.cloudfront.net/8155/gn-20090819-13.jpg/thumb?1387106616"
"/8155"
"http://d5rvwflnqlj7s.cloudfront.net/8149/normal/thumb?1387101935"
"/8149"
"http://d5rvwflnqlj7s.cloudfront.net/8130/487445e3.jpg/thumb?1387084926"
"/8130"
"http://d5rvwflnqlj7s.cloudfront.net/7736/50b83ac8d6462309725e280734ca3fe9.jpeg/thumb?1386597721"
"/7736"
"http://d5rvwflnqlj7s.cloudfront.net/8101/normal/thumb?1387021769"
"/8101"
"http://d5rvwflnqlj7s.cloudfront.net/8083/150x150_square_19072782.jpg/thumb?1387007637"
"/8083"
"http://d5rvwflnqlj7s.cloudfront.net/8079/Oseti.jpg/thumb?1386997485"
"/8079"
"http://d5rvwflnqlj7s.cloudfront.net/8059/%E3%83%80%E3%82%A6%E3%83%B3%E3%83%AD%E3%83%BC%E3%83%89.jpg/thumb?1386932765"
"/8059"
"http://d5rvwflnqlj7s.cloudfront.net/8005/normal/thumb?1386903305"
"/8005"
"http://d5rvwflnqlj7s.cloudfront.net/7632/320x320_rect_5336407.jpg/thumb?1386441520"
"/7632"
"http://d5rvwflnqlj7s.cloudfront.net/7702/d0104926_1382583.jpg/thumb?1386566566"
"/7702"
"http://d5rvwflnqlj7s.cloudfront.net/8008/p06.jpg/thumb?1386900285"
"/8008"
"http://d5rvwflnqlj7s.cloudfront.net/7862/v2/thumb?1386856604"
"/7862"
"http://d5rvwflnqlj7s.cloudfront.net/8214/mig/thumb?1387174583"
"/8214"
"http://d5rvwflnqlj7s.cloudfront.net/8155/gn-20090819-13.jpg/thumb?1387106616"
"/8155"
"http://d5rvwflnqlj7s.cloudfront.net/8226/smp_thum_0939fa1b7aa8cd0dc90d2e4e12094999ff94fb17_sel_.jpz/thumb?1387182615"
"/8226"
"http://d5rvwflnqlj7s.cloudfront.net/7982/normal/thumb?1386853793"
"/7982"
"http://d5rvwflnqlj7s.cloudfront.net/7720/000014_03-thumb.jpg/thumb?1386577359"
"/7720"
