I, [2013-12-16T22:42:45.787347 #61445]  INFO -- : Started GET "/" for 127.0.0.1 at 2013-12-16 22:42:45 +0900
I, [2013-12-16T22:42:45.809867 #61445]  INFO -- : Processing by ContentsController#index as HTML
I, [2013-12-16T22:42:46.716471 #61445]  INFO -- :   Rendered contents/index.html.erb within layouts/application (831.8ms)
I, [2013-12-16T22:42:46.954011 #61445]  INFO -- : Completed 200 OK in 1144ms (Views: 1071.6ms | ActiveRecord: 15.2ms)
I, [2013-12-16T22:42:47.014910 #61445]  INFO -- : Started GET "/assets/style-de751c47801abc7049497ad6e2d2f80a.css" for 127.0.0.1 at 2013-12-16 22:42:47 +0900
I, [2013-12-16T22:42:47.046136 #61445]  INFO -- : Started GET "/stylesheets/thems.css" for 127.0.0.1 at 2013-12-16 22:42:47 +0900
F, [2013-12-16T22:42:47.051514 #61445] FATAL -- : 
ActionController::RoutingError (No route matches [GET] "/stylesheets/thems.css"):
  actionpack (4.0.1) lib/action_dispatch/middleware/debug_exceptions.rb:21:in `call'
  actionpack (4.0.1) lib/action_dispatch/middleware/show_exceptions.rb:30:in `call'
  railties (4.0.1) lib/rails/rack/logger.rb:38:in `call_app'
  railties (4.0.1) lib/rails/rack/logger.rb:20:in `block in call'
  activesupport (4.0.1) lib/active_support/tagged_logging.rb:67:in `block in tagged'
  activesupport (4.0.1) lib/active_support/tagged_logging.rb:25:in `tagged'
  activesupport (4.0.1) lib/active_support/tagged_logging.rb:67:in `tagged'
  railties (4.0.1) lib/rails/rack/logger.rb:20:in `call'
  actionpack (4.0.1) lib/action_dispatch/middleware/request_id.rb:21:in `call'
  rack (1.5.2) lib/rack/methodoverride.rb:21:in `call'
  rack (1.5.2) lib/rack/runtime.rb:17:in `call'
  activesupport (4.0.1) lib/active_support/cache/strategy/local_cache.rb:83:in `call'
  actionpack (4.0.1) lib/action_dispatch/middleware/static.rb:64:in `call'
  rack (1.5.2) lib/rack/sendfile.rb:112:in `call'
  railties (4.0.1) lib/rails/engine.rb:511:in `call'
  railties (4.0.1) lib/rails/application.rb:97:in `call'
  rack (1.5.2) lib/rack/lock.rb:17:in `call'
  rack (1.5.2) lib/rack/content_length.rb:14:in `call'
  rack (1.5.2) lib/rack/handler/webrick.rb:60:in `service'
  /Users/gushikenmasaru/.rvm/rubies/ruby-1.9.3-p125/lib/ruby/1.9.1/webrick/httpserver.rb:138:in `service'
  /Users/gushikenmasaru/.rvm/rubies/ruby-1.9.3-p125/lib/ruby/1.9.1/webrick/httpserver.rb:94:in `run'
  /Users/gushikenmasaru/.rvm/rubies/ruby-1.9.3-p125/lib/ruby/1.9.1/webrick/server.rb:191:in `block in start_thread'


I, [2013-12-16T22:42:47.053983 #61445]  INFO -- : Started GET "/stylesheets/demo.css" for 127.0.0.1 at 2013-12-16 22:42:47 +0900
F, [2013-12-16T22:42:47.069880 #61445] FATAL -- : 
ActionController::RoutingError (No route matches [GET] "/stylesheets/demo.css"):
  actionpack (4.0.1) lib/action_dispatch/middleware/debug_exceptions.rb:21:in `call'
  actionpack (4.0.1) lib/action_dispatch/middleware/show_exceptions.rb:30:in `call'
  railties (4.0.1) lib/rails/rack/logger.rb:38:in `call_app'
  railties (4.0.1) lib/rails/rack/logger.rb:20:in `block in call'
  activesupport (4.0.1) lib/active_support/tagged_logging.rb:67:in `block in tagged'
  activesupport (4.0.1) lib/active_support/tagged_logging.rb:25:in `tagged'
  activesupport (4.0.1) lib/active_support/tagged_logging.rb:67:in `tagged'
  railties (4.0.1) lib/rails/rack/logger.rb:20:in `call'
  actionpack (4.0.1) lib/action_dispatch/middleware/request_id.rb:21:in `call'
  rack (1.5.2) lib/rack/methodoverride.rb:21:in `call'
  rack (1.5.2) lib/rack/runtime.rb:17:in `call'
  activesupport (4.0.1) lib/active_support/cache/strategy/local_cache.rb:83:in `call'
  actionpack (4.0.1) lib/action_dispatch/middleware/static.rb:64:in `call'
  rack (1.5.2) lib/rack/sendfile.rb:112:in `call'
  railties (4.0.1) lib/rails/engine.rb:511:in `call'
  railties (4.0.1) lib/rails/application.rb:97:in `call'
  rack (1.5.2) lib/rack/lock.rb:17:in `call'
  rack (1.5.2) lib/rack/content_length.rb:14:in `call'
  rack (1.5.2) lib/rack/handler/webrick.rb:60:in `service'
  /Users/gushikenmasaru/.rvm/rubies/ruby-1.9.3-p125/lib/ruby/1.9.1/webrick/httpserver.rb:138:in `service'
  /Users/gushikenmasaru/.rvm/rubies/ruby-1.9.3-p125/lib/ruby/1.9.1/webrick/httpserver.rb:94:in `run'
  /Users/gushikenmasaru/.rvm/rubies/ruby-1.9.3-p125/lib/ruby/1.9.1/webrick/server.rb:191:in `block in start_thread'


I, [2013-12-16T22:42:47.124317 #61445]  INFO -- : Started GET "/assets/demo-a30cf19beb5620df8ea2135641d466ae.js" for 127.0.0.1 at 2013-12-16 22:42:47 +0900
I, [2013-12-16T22:42:47.131009 #61445]  INFO -- : Started GET "/assets/bespoke-5456e6246fa7d81229f791f02a0c7be0.js" for 127.0.0.1 at 2013-12-16 22:42:47 +0900
I, [2013-12-16T22:42:47.136778 #61445]  INFO -- : Started GET "/assets/Gruntfile-0770dd3cd3ec48d8a051cfe5d9d97a05.js" for 127.0.0.1 at 2013-12-16 22:42:47 +0900
I, [2013-12-16T22:42:47.144903 #61445]  INFO -- : Started GET "/assets/line.png" for 127.0.0.1 at 2013-12-16 22:42:47 +0900
I, [2013-12-16T22:42:47.192022 #61445]  INFO -- : Started GET "/assets/twitter.png" for 127.0.0.1 at 2013-12-16 22:42:47 +0900
I, [2013-12-16T22:42:47.588057 #61445]  INFO -- : Started GET "/assets/title_back.png" for 127.0.0.1 at 2013-12-16 22:42:47 +0900
I, [2013-12-16T23:16:07.111325 #61445]  INFO -- : Started GET "/" for 127.0.0.1 at 2013-12-16 23:16:07 +0900
I, [2013-12-16T23:16:07.114567 #61445]  INFO -- : Processing by ContentsController#index as HTML
I, [2013-12-16T23:16:07.140608 #61445]  INFO -- :   Rendered contents/index.html.erb within layouts/application (13.1ms)
I, [2013-12-16T23:16:07.146337 #61445]  INFO -- : Completed 200 OK in 32ms (Views: 19.3ms | ActiveRecord: 2.5ms)
I, [2013-12-16T23:16:07.195815 #61445]  INFO -- : Started GET "/stylesheets/thems.css" for 127.0.0.1 at 2013-12-16 23:16:07 +0900
F, [2013-12-16T23:16:07.216124 #61445] FATAL -- : 
ActionController::RoutingError (No route matches [GET] "/stylesheets/thems.css"):
  actionpack (4.0.1) lib/action_dispatch/middleware/debug_exceptions.rb:21:in `call'
  actionpack (4.0.1) lib/action_dispatch/middleware/show_exceptions.rb:30:in `call'
  railties (4.0.1) lib/rails/rack/logger.rb:38:in `call_app'
  railties (4.0.1) lib/rails/rack/logger.rb:20:in `block in call'
  activesupport (4.0.1) lib/active_support/tagged_logging.rb:67:in `block in tagged'
  activesupport (4.0.1) lib/active_support/tagged_logging.rb:25:in `tagged'
  activesupport (4.0.1) lib/active_support/tagged_logging.rb:67:in `tagged'
  railties (4.0.1) lib/rails/rack/logger.rb:20:in `call'
  actionpack (4.0.1) lib/action_dispatch/middleware/request_id.rb:21:in `call'
  rack (1.5.2) lib/rack/methodoverride.rb:21:in `call'
  rack (1.5.2) lib/rack/runtime.rb:17:in `call'
  activesupport (4.0.1) lib/active_support/cache/strategy/local_cache.rb:83:in `call'
  actionpack (4.0.1) lib/action_dispatch/middleware/static.rb:64:in `call'
  rack (1.5.2) lib/rack/sendfile.rb:112:in `call'
  railties (4.0.1) lib/rails/engine.rb:511:in `call'
  railties (4.0.1) lib/rails/application.rb:97:in `call'
  rack (1.5.2) lib/rack/lock.rb:17:in `call'
  rack (1.5.2) lib/rack/content_length.rb:14:in `call'
  rack (1.5.2) lib/rack/handler/webrick.rb:60:in `service'
  /Users/gushikenmasaru/.rvm/rubies/ruby-1.9.3-p125/lib/ruby/1.9.1/webrick/httpserver.rb:138:in `service'
  /Users/gushikenmasaru/.rvm/rubies/ruby-1.9.3-p125/lib/ruby/1.9.1/webrick/httpserver.rb:94:in `run'
  /Users/gushikenmasaru/.rvm/rubies/ruby-1.9.3-p125/lib/ruby/1.9.1/webrick/server.rb:191:in `block in start_thread'


I, [2013-12-16T23:16:07.217863 #61445]  INFO -- : Started GET "/assets/style-de751c47801abc7049497ad6e2d2f80a.css" for 127.0.0.1 at 2013-12-16 23:16:07 +0900
I, [2013-12-16T23:16:07.229994 #61445]  INFO -- : Started GET "/assets/demo-a30cf19beb5620df8ea2135641d466ae.js" for 127.0.0.1 at 2013-12-16 23:16:07 +0900
I, [2013-12-16T23:16:07.233356 #61445]  INFO -- : Started GET "/assets/bespoke-5456e6246fa7d81229f791f02a0c7be0.js" for 127.0.0.1 at 2013-12-16 23:16:07 +0900
I, [2013-12-16T23:16:07.249649 #61445]  INFO -- : Started GET "/stylesheets/demo.css" for 127.0.0.1 at 2013-12-16 23:16:07 +0900
F, [2013-12-16T23:16:07.254487 #61445] FATAL -- : 
ActionController::RoutingError (No route matches [GET] "/stylesheets/demo.css"):
  actionpack (4.0.1) lib/action_dispatch/middleware/debug_exceptions.rb:21:in `call'
  actionpack (4.0.1) lib/action_dispatch/middleware/show_exceptions.rb:30:in `call'
  railties (4.0.1) lib/rails/rack/logger.rb:38:in `call_app'
  railties (4.0.1) lib/rails/rack/logger.rb:20:in `block in call'
  activesupport (4.0.1) lib/active_support/tagged_logging.rb:67:in `block in tagged'
  activesupport (4.0.1) lib/active_support/tagged_logging.rb:25:in `tagged'
  activesupport (4.0.1) lib/active_support/tagged_logging.rb:67:in `tagged'
  railties (4.0.1) lib/rails/rack/logger.rb:20:in `call'
  actionpack (4.0.1) lib/action_dispatch/middleware/request_id.rb:21:in `call'
  rack (1.5.2) lib/rack/methodoverride.rb:21:in `call'
  rack (1.5.2) lib/rack/runtime.rb:17:in `call'
  activesupport (4.0.1) lib/active_support/cache/strategy/local_cache.rb:83:in `call'
  actionpack (4.0.1) lib/action_dispatch/middleware/static.rb:64:in `call'
  rack (1.5.2) lib/rack/sendfile.rb:112:in `call'
  railties (4.0.1) lib/rails/engine.rb:511:in `call'
  railties (4.0.1) lib/rails/application.rb:97:in `call'
  rack (1.5.2) lib/rack/lock.rb:17:in `call'
  rack (1.5.2) lib/rack/content_length.rb:14:in `call'
  rack (1.5.2) lib/rack/handler/webrick.rb:60:in `service'
  /Users/gushikenmasaru/.rvm/rubies/ruby-1.9.3-p125/lib/ruby/1.9.1/webrick/httpserver.rb:138:in `service'
  /Users/gushikenmasaru/.rvm/rubies/ruby-1.9.3-p125/lib/ruby/1.9.1/webrick/httpserver.rb:94:in `run'
  /Users/gushikenmasaru/.rvm/rubies/ruby-1.9.3-p125/lib/ruby/1.9.1/webrick/server.rb:191:in `block in start_thread'


I, [2013-12-16T23:16:07.256132 #61445]  INFO -- : Started GET "/assets/Gruntfile-0770dd3cd3ec48d8a051cfe5d9d97a05.js" for 127.0.0.1 at 2013-12-16 23:16:07 +0900
I, [2013-12-16T23:16:07.265918 #61445]  INFO -- : Started GET "/assets/line.png" for 127.0.0.1 at 2013-12-16 23:16:07 +0900
I, [2013-12-16T23:16:07.278332 #61445]  INFO -- : Started GET "/assets/twitter.png" for 127.0.0.1 at 2013-12-16 23:16:07 +0900
I, [2013-12-16T23:16:07.889252 #61445]  INFO -- : Started GET "/assets/title_back.png" for 127.0.0.1 at 2013-12-16 23:16:07 +0900
I, [2013-12-16T23:16:56.635928 #61445]  INFO -- : Started GET "/" for 192.168.100.101 at 2013-12-16 23:16:56 +0900
I, [2013-12-16T23:16:56.637406 #61445]  INFO -- : Processing by ContentsController#index as HTML
I, [2013-12-16T23:16:56.660897 #61445]  INFO -- :   Rendered contents/index.html.erb within layouts/application (8.7ms)
I, [2013-12-16T23:16:56.666442 #61445]  INFO -- : Completed 200 OK in 29ms (Views: 14.5ms | ActiveRecord: 3.5ms)
I, [2013-12-16T23:16:56.787851 #61445]  INFO -- : Started GET "/assets/style-de751c47801abc7049497ad6e2d2f80a.css" for 192.168.100.101 at 2013-12-16 23:16:56 +0900
I, [2013-12-16T23:16:56.803791 #61445]  INFO -- : Started GET "/stylesheets/thems.css" for 192.168.100.101 at 2013-12-16 23:16:56 +0900
F, [2013-12-16T23:16:56.806536 #61445] FATAL -- : 
ActionController::RoutingError (No route matches [GET] "/stylesheets/thems.css"):
  actionpack (4.0.1) lib/action_dispatch/middleware/debug_exceptions.rb:21:in `call'
  actionpack (4.0.1) lib/action_dispatch/middleware/show_exceptions.rb:30:in `call'
  railties (4.0.1) lib/rails/rack/logger.rb:38:in `call_app'
  railties (4.0.1) lib/rails/rack/logger.rb:20:in `block in call'
  activesupport (4.0.1) lib/active_support/tagged_logging.rb:67:in `block in tagged'
  activesupport (4.0.1) lib/active_support/tagged_logging.rb:25:in `tagged'
  activesupport (4.0.1) lib/active_support/tagged_logging.rb:67:in `tagged'
  railties (4.0.1) lib/rails/rack/logger.rb:20:in `call'
  actionpack (4.0.1) lib/action_dispatch/middleware/request_id.rb:21:in `call'
  rack (1.5.2) lib/rack/methodoverride.rb:21:in `call'
  rack (1.5.2) lib/rack/runtime.rb:17:in `call'
  activesupport (4.0.1) lib/active_support/cache/strategy/local_cache.rb:83:in `call'
  actionpack (4.0.1) lib/action_dispatch/middleware/static.rb:64:in `call'
  rack (1.5.2) lib/rack/sendfile.rb:112:in `call'
  railties (4.0.1) lib/rails/engine.rb:511:in `call'
  railties (4.0.1) lib/rails/application.rb:97:in `call'
  rack (1.5.2) lib/rack/lock.rb:17:in `call'
  rack (1.5.2) lib/rack/content_length.rb:14:in `call'
  rack (1.5.2) lib/rack/handler/webrick.rb:60:in `service'
  /Users/gushikenmasaru/.rvm/rubies/ruby-1.9.3-p125/lib/ruby/1.9.1/webrick/httpserver.rb:138:in `service'
  /Users/gushikenmasaru/.rvm/rubies/ruby-1.9.3-p125/lib/ruby/1.9.1/webrick/httpserver.rb:94:in `run'
  /Users/gushikenmasaru/.rvm/rubies/ruby-1.9.3-p125/lib/ruby/1.9.1/webrick/server.rb:191:in `block in start_thread'


I, [2013-12-16T23:16:56.825550 #61445]  INFO -- : Started GET "/assets/bespoke-5456e6246fa7d81229f791f02a0c7be0.js" for 192.168.100.101 at 2013-12-16 23:16:56 +0900
I, [2013-12-16T23:16:56.887368 #61445]  INFO -- : Started GET "/assets/demo-a30cf19beb5620df8ea2135641d466ae.js" for 192.168.100.101 at 2013-12-16 23:16:56 +0900
I, [2013-12-16T23:16:56.907074 #61445]  INFO -- : Started GET "/assets/Gruntfile-0770dd3cd3ec48d8a051cfe5d9d97a05.js" for 192.168.100.101 at 2013-12-16 23:16:56 +0900
I, [2013-12-16T23:16:57.005627 #61445]  INFO -- : Started GET "/stylesheets/demo.css" for 192.168.100.101 at 2013-12-16 23:16:57 +0900
F, [2013-12-16T23:16:57.008800 #61445] FATAL -- : 
ActionController::RoutingError (No route matches [GET] "/stylesheets/demo.css"):
  actionpack (4.0.1) lib/action_dispatch/middleware/debug_exceptions.rb:21:in `call'
  actionpack (4.0.1) lib/action_dispatch/middleware/show_exceptions.rb:30:in `call'
  railties (4.0.1) lib/rails/rack/logger.rb:38:in `call_app'
  railties (4.0.1) lib/rails/rack/logger.rb:20:in `block in call'
  activesupport (4.0.1) lib/active_support/tagged_logging.rb:67:in `block in tagged'
  activesupport (4.0.1) lib/active_support/tagged_logging.rb:25:in `tagged'
  activesupport (4.0.1) lib/active_support/tagged_logging.rb:67:in `tagged'
  railties (4.0.1) lib/rails/rack/logger.rb:20:in `call'
  actionpack (4.0.1) lib/action_dispatch/middleware/request_id.rb:21:in `call'
  rack (1.5.2) lib/rack/methodoverride.rb:21:in `call'
  rack (1.5.2) lib/rack/runtime.rb:17:in `call'
  activesupport (4.0.1) lib/active_support/cache/strategy/local_cache.rb:83:in `call'
  actionpack (4.0.1) lib/action_dispatch/middleware/static.rb:64:in `call'
  rack (1.5.2) lib/rack/sendfile.rb:112:in `call'
  railties (4.0.1) lib/rails/engine.rb:511:in `call'
  railties (4.0.1) lib/rails/application.rb:97:in `call'
  rack (1.5.2) lib/rack/lock.rb:17:in `call'
  rack (1.5.2) lib/rack/content_length.rb:14:in `call'
  rack (1.5.2) lib/rack/handler/webrick.rb:60:in `service'
  /Users/gushikenmasaru/.rvm/rubies/ruby-1.9.3-p125/lib/ruby/1.9.1/webrick/httpserver.rb:138:in `service'
  /Users/gushikenmasaru/.rvm/rubies/ruby-1.9.3-p125/lib/ruby/1.9.1/webrick/httpserver.rb:94:in `run'
  /Users/gushikenmasaru/.rvm/rubies/ruby-1.9.3-p125/lib/ruby/1.9.1/webrick/server.rb:191:in `block in start_thread'


I, [2013-12-16T23:16:57.058155 #61445]  INFO -- : Started GET "/assets/line.png" for 192.168.100.101 at 2013-12-16 23:16:57 +0900
I, [2013-12-16T23:16:57.178555 #61445]  INFO -- : Started GET "/assets/twitter.png" for 192.168.100.101 at 2013-12-16 23:16:57 +0900
I, [2013-12-16T23:16:57.744711 #61445]  INFO -- : Started GET "/assets/title_back.png" for 192.168.100.101 at 2013-12-16 23:16:57 +0900
